<?xml version="1.0" encoding="UTF-8"?>
<!-- Generated by org.testng.reporters.JUnitReportReporter -->
<testsuite skipped="0" hostname="ANKUs-MacBook-Air.local" name="Mechanical.Testannotat" tests="4" failures="0" timestamp="2020-02-27T19:57:06 IST" time="0.025" errors="0">
  <testcase name="sayalpha2" time="0.002" classname="Mechanical.Testannotat"/>
  <testcase name="alpha3" time="0.014" classname="Mechanical.Testannotat"/>
  <testcase name="checkalpha1" time="0.002" classname="Mechanical.Testannotat"/>
  <testcase name="hialpha4" time="0.007" classname="Mechanical.Testannotat"/>
</testsuite> <!-- Mechanical.Testannotat -->
