<?xml version="1.0" encoding="UTF-8"?>
<!-- Generated by org.testng.reporters.JUnitReportReporter -->
<testsuite skipped="0" hostname="ANKUs-MacBook-Air.local" name="Mechanical.APriorityspecific" tests="4" failures="0" timestamp="2020-02-27T20:17:21 IST" time="0.016" errors="0">
  <testcase name="hialpha4" time="0.012" classname="Mechanical.APriorityspecific"/>
  <testcase name="checkalpha1" time="0.002" classname="Mechanical.APriorityspecific"/>
  <testcase name="alpha3" time="0.001" classname="Mechanical.APriorityspecific"/>
  <testcase name="sayalpha2" time="0.001" classname="Mechanical.APriorityspecific"/>
</testsuite> <!-- Mechanical.APriorityspecific -->
