<?xml version="1.0" encoding="UTF-8"?>
<!-- Generated by org.testng.reporters.JUnitReportReporter -->
<testsuite skipped="0" hostname="ANKUs-MacBook-Air.local" name="Mechanical.Logintest" tests="1" failures="0" timestamp="2020-02-26T15:43:34 IST" time="4.816" errors="0">
  <testcase name="log" time="4.816" classname="Mechanical.Logintest"/>
</testsuite> <!-- Mechanical.Logintest -->
