<?xml version="1.0" encoding="UTF-8"?>
<!-- Generated by org.testng.reporters.JUnitReportReporter -->
<testsuite skipped="0" hostname="ANKUs-MacBook-Air.local" name="Mechanical.AlphabaticTestProp" tests="4" failures="0" timestamp="2020-02-27T20:15:16 IST" time="0.021" errors="0">
  <testcase name="sayalpha2" time="0.002" classname="Mechanical.AlphabaticTestProp"/>
  <testcase name="alpha3" time="0.015" classname="Mechanical.AlphabaticTestProp"/>
  <testcase name="checkalpha1" time="0.002" classname="Mechanical.AlphabaticTestProp"/>
  <testcase name="hialpha4" time="0.002" classname="Mechanical.AlphabaticTestProp"/>
</testsuite> <!-- Mechanical.AlphabaticTestProp -->
